<?xml version="1.0" encoding="UTF-8"?>
<!-- Generated by org.testng.reporters.JUnitXMLReporter -->
<testsuite ignored="0" hostname="Nothing" failures="1" tests="26" name="Default test" time="0.213" errors="0" timestamp="2025-08-13T14:28:34 IST">
  <testcase classname="com.codometer.geeksforgeek.java8.FunctionalInterfacesOpsTest" name="mostcommonwordfindinparagraphTest" time="0.0">
    <failure type="org.testng.TestNGException" message="
Cannot inject @Test annotated Method [mostcommonwordfindinparagraphTest] with [class java.lang.String, class [Ljava.lang.String;].
For more information on native dependency injection please refer to https://testng.org/#_dependency_injection">
      <![CDATA[org.testng.TestNGException: 
Cannot inject @Test annotated Method [mostcommonwordfindinparagraphTest] with [class java.lang.String, class [Ljava.lang.String;].
For more information on native dependency injection please refer to https://testng.org/#_dependency_injection
at org.testng.internal.Parameters.checkParameterTypes(Parameters.java:442)
at org.testng.internal.Parameters.createParametersForMethod(Parameters.java:347)
at org.testng.internal.Parameters.createParameters(Parameters.java:699)
at org.testng.internal.Parameters.handleParameters(Parameters.java:885)
at org.testng.internal.Parameters.handleParameters(Parameters.java:734)
at org.testng.internal.invokers.ParameterHandler.handleParameters(ParameterHandler.java:72)
at org.testng.internal.invokers.ParameterHandler.createParameters(ParameterHandler.java:51)
at org.testng.internal.invokers.TestInvoker$MethodInvocationAgent.invoke(TestInvoker.java:946)
at org.testng.internal.invokers.TestInvoker.invokeTestMethods(TestInvoker.java:203)
at org.testng.internal.invokers.TestMethodWorker.invokeTestMethods(TestMethodWorker.java:154)
at org.testng.internal.invokers.TestMethodWorker.run(TestMethodWorker.java:134)
at java.base/java.util.ArrayList.forEach(ArrayList.java:1596)
at org.testng.TestRunner.privateRun(TestRunner.java:739)
at org.testng.TestRunner.run(TestRunner.java:614)
at org.testng.SuiteRunner.runTest(SuiteRunner.java:421)
at org.testng.SuiteRunner.runSequentially(SuiteRunner.java:413)
at org.testng.SuiteRunner.privateRun(SuiteRunner.java:373)
at org.testng.SuiteRunner.run(SuiteRunner.java:312)
at org.testng.SuiteRunnerWorker.runSuite(SuiteRunnerWorker.java:52)
at org.testng.SuiteRunnerWorker.run(SuiteRunnerWorker.java:95)
at org.testng.TestNG.runSuitesSequentially(TestNG.java:1274)
at org.testng.TestNG.runSuitesLocally(TestNG.java:1208)
at org.testng.TestNG.runSuites(TestNG.java:1112)
at org.testng.TestNG.run(TestNG.java:1079)
at org.testng.remote.AbstractRemoteTestNG.run(AbstractRemoteTestNG.java:115)
at org.testng.remote.RemoteTestNG.initAndRun(RemoteTestNG.java:293)
at org.testng.remote.RemoteTestNG.main(RemoteTestNG.java:91)
]]>
    </failure>
  </testcase> <!-- mostcommonwordfindinparagraphTest -->
  <testcase classname="com.codometer.geeksforgeek.java8.FunctionalInterfacesOpsTest" name="programtocountandprintnumberofelementsalistTest" time="0.007"/>
  <testcase classname="com.codometer.geeksforgeek.java8.FunctionalInterfacesOpsTest" name="programtofilterprintevennumbersfromlistbiconsumerTest" time="0.005"/>
  <testcase classname="com.codometer.geeksforgeek.java8.FunctionalInterfacesOpsTest" name="programtofilterprintevennumbersfromlistbifuncTest" time="0.004"/>
  <testcase classname="com.codometer.geeksforgeek.java8.FunctionalInterfacesOpsTest" name="programtofilterprintevennumbersfromlistconsumerTest" time="0.002"/>
  <testcase classname="com.codometer.geeksforgeek.java8.FunctionalInterfacesOpsTest" name="programtofilterprintevennumbersfromlistfuncTest" time="0.002"/>
  <testcase classname="com.codometer.geeksforgeek.java8.FunctionalInterfacesOpsTest" name="programtofilterprintevennumbersfromlistpredicateTest" time="0.003"/>
  <testcase classname="com.codometer.geeksforgeek.java8.FunctionalInterfacesOpsTest" name="programtofilterprintevennumbersfromlistsupplierTest" time="0.002"/>
  <testcase classname="com.codometer.geeksforgeek.java8.FunctionalInterfacesOpsTest" name="programtofindandprintmaxvaluefromlistTest" time="0.003"/>
  <testcase classname="com.codometer.geeksforgeek.java8.FunctionalInterfacesOpsTest" name="programtogroupstringsbytheirlengthsandprintgroups" time="0.004"/>
  <testcase classname="com.codometer.geeksforgeek.java8.FunctionalInterfacesOpsTest" name="programtomapintegerstotheirsquaresandprintresultsbiconsumerTest" time="0.003"/>
  <testcase classname="com.codometer.geeksforgeek.java8.FunctionalInterfacesOpsTest" name="programtomapintegerstotheirsquaresandprintresultsbifuncTest" time="0.003"/>
  <testcase classname="com.codometer.geeksforgeek.java8.FunctionalInterfacesOpsTest" name="programtomapintegerstotheirsquaresandprintresultsconsumerTest" time="0.005"/>
  <testcase classname="com.codometer.geeksforgeek.java8.FunctionalInterfacesOpsTest" name="programtomapintegerstotheirsquaresandprintresultsfuncTest" time="0.002"/>
  <testcase classname="com.codometer.geeksforgeek.java8.FunctionalInterfacesOpsTest" name="programtomapintegerstotheirsquaresandprintresultspredicateTest" time="0.002"/>
  <testcase classname="com.codometer.geeksforgeek.java8.FunctionalInterfacesOpsTest" name="programtomapintegerstotheirsquaresandprintresultssupplierTest" time="0.002"/>
  <testcase classname="com.codometer.geeksforgeek.java8.FunctionalInterfacesOpsTest" name="programtoprintdistinctelementsfromalistofintegersTest" time="0.003"/>
  <testcase classname="com.codometer.geeksforgeek.java8.FunctionalInterfacesOpsTest" name="programtoprintnamessortedinalphabeticalorderfromalistTest" time="0.003"/>
  <testcase classname="com.codometer.geeksforgeek.java8.FunctionalInterfacesOpsTest" name="programtoprintthelengthsofstringsinalistTest" time="0.003"/>
  <testcase classname="com.codometer.geeksforgeek.java8.FunctionalInterfacesOpsTest" name="programtoreducealistofintegerstotheirmulTest" time="0.003"/>
  <testcase classname="com.codometer.geeksforgeek.java8.FunctionalInterfacesOpsTest" name="programtoreducealistofintegerstotheirsumTest" time="0.002"/>
  <testcase classname="com.codometer.geeksforgeek.java8.FunctionalInterfacesOpsTest" name="programusinglambdaaddintegersbiconsumerTest" time="0.003"/>
  <testcase classname="com.codometer.geeksforgeek.java8.FunctionalInterfacesOpsTest" name="programusinglambdaaddintegersbifuncTest" time="0.002"/>
  <testcase classname="com.codometer.geeksforgeek.java8.FunctionalInterfacesOpsTest" name="programusinglambdaaddintegersconsumerTest" time="0.003"/>
  <testcase classname="com.codometer.geeksforgeek.java8.FunctionalInterfacesOpsTest" name="programusinglambdaaddintegersfuncTest" time="0.007"/>
  <testcase classname="com.codometer.geeksforgeek.java8.FunctionalInterfacesOpsTest" name="programusinglambdaaddintegerssupplierTest" time="0.002"/>
</testsuite> <!-- Default test -->
