<?xml version="1.0" encoding="UTF-8"?>
<testng-results ignored="0" total="1" passed="1" failed="0" skipped="0">
  <reporter-output>
  </reporter-output>
  <suite started-at="2025-08-23T11:31:10 IST" name="Suite" finished-at="2025-08-23T11:31:12 IST" duration-ms="2409">
    <groups>
    </groups>
    <test started-at="2025-08-23T11:31:10 IST" name="Test" finished-at="2025-08-23T11:31:12 IST" duration-ms="2409">
      <class name="com.codometer.apis.clients.RestTest">
        <test-method signature="getOperationTest()[pri:1, instance:com.codometer.apis.clients.RestTest@33d512c1]" started-at="2025-08-23T11:31:10 IST" name="getOperationTest" finished-at="2025-08-23T11:31:12 IST" duration-ms="2367" status="PASS">
          <reporter-output>
          </reporter-output>
        </test-method> <!-- getOperationTest -->
      </class> <!-- com.codometer.apis.clients.RestTest -->
    </test> <!-- Test -->
  </suite> <!-- Suite -->
</testng-results>
